SonarQube plugins:
  - Python Code Quality and Security 3.4.1.8066 (python)
  - CSS Code Quality and Security 1.4.2.2002 (cssfamily)
  - Go Code Quality and Security 1.8.3.2219 (go)
  - JaCoCo 1.1.1.1157 (jacoco)
  - Kotlin Code Quality and Security 1.8.3.2219 (kotlin)
  - JavaScript/TypeScript Code Quality and Security 7.4.4.15624 (javascript)
  - Ruby Code Quality and Security 1.8.3.2219 (ruby)
  - Scala Code Quality and Security 1.8.3.2219 (sonarscala)
  - C# Code Quality and Security 8.22.0.31243 (csharp)
  - Java Code Quality and Security 6.15.1.26025 (java)
  - HTML Code Quality and Security 3.4.0.2754 (web)
  - Flex Code Quality and Security 2.6.1.2564 (flex)
  - XML Code Quality and Security 2.2.0.2973 (xml)
  - PHP Code Quality and Security 3.17.0.7439 (php)
  - VB.NET Code Quality and Security 8.22.0.31243 (vbnet)
Global server settings:
  - sonar.auth.saml.enabled=true
  - sonar.core.id=BF41A1F2-AYNaVNjqGHJPZWEroToG
  - sonar.core.startTime=2022-09-26T16:43:54+0100
  - sonar.forceAuthentication=false
Project server settings:
Project scanner properties:
  - sonar.exclusions=node_modules/**,bower_components/**,jspm_packages/**,typings/**,lib-cov/**
  - sonar.host.url=http://localhost:9000
  - sonar.projectBaseDir=C:\WorkspaceFront\angular-tour-of-heroes
  - sonar.projectDescription=No description.
  - sonar.projectKey=angular-tour-of-heroes
  - sonar.projectName=angular-tour-of-heroes
  - sonar.projectVersion=0.0.0
  - sonar.scanner.app=ScannerCli
  - sonar.scanner.appVersion=4.3.0.2102
  - sonar.sourceEncoding=windows-1252
  - sonar.sources=.
  - sonar.working.directory=C:\WorkspaceFront\angular-tour-of-heroes\.scannerwork
